0 info it worked if it ends with ok
1 verbose cli [ '/usr/bin/nodejs', '/usr/bin/npm', 'run', 'build' ]
2 info using npm@3.5.2
3 info using node@v4.2.6
4 verbose run-script [ 'prebuild', 'build', 'postbuild' ]
5 info lifecycle OJS3@3.1.1-2~prebuild: OJS3@3.1.1-2
6 silly lifecycle OJS3@3.1.1-2~prebuild: no script for prebuild, continuing
7 info lifecycle OJS3@3.1.1-2~build: OJS3@3.1.1-2
8 verbose lifecycle OJS3@3.1.1-2~build: unsafe-perm in lifecycle true
9 verbose lifecycle OJS3@3.1.1-2~build: PATH: /usr/share/npm/bin/node-gyp-bin:/opt/lampp/htdocs/ojs/node_modules/.bin:/opt/maven/bin:/home/jfarinos/bin:/home/jfarinos/.local/bin:/opt/maven/bin:/usr/local/sbin:/usr/local/bin:/usr/sbin:/usr/bin:/sbin:/bin:/usr/games:/usr/local/games:/snap/bin:/usr/lib/jvm/java-8-oracle/bin:/usr/lib/jvm/java-8-oracle/db/bin:/usr/lib/jvm/java-8-oracle/jre/bin:/home/jfarinos/programming/workspace/scripts:/home/jfarinos/programming/servers/sonar-scanner-3.0.3.778-linux/bin:/opt/sonarqube-7.0/bin/linux-x86-64/
10 verbose lifecycle OJS3@3.1.1-2~build: CWD: /opt/lampp/htdocs/ojs
11 silly lifecycle OJS3@3.1.1-2~build: Args: [ '-c',
11 silly lifecycle   'cross-env NODE_ENV=production webpack --progress --hide-modules' ]
12 silly lifecycle OJS3@3.1.1-2~build: Returned: code: 2  signal: null
13 info lifecycle OJS3@3.1.1-2~build: Failed to exec build script
14 verbose stack Error: OJS3@3.1.1-2 build: `cross-env NODE_ENV=production webpack --progress --hide-modules`
14 verbose stack Exit status 2
14 verbose stack     at EventEmitter.<anonymous> (/usr/share/npm/lib/utils/lifecycle.js:232:16)
14 verbose stack     at emitTwo (events.js:87:13)
14 verbose stack     at EventEmitter.emit (events.js:172:7)
14 verbose stack     at ChildProcess.<anonymous> (/usr/share/npm/lib/utils/spawn.js:24:14)
14 verbose stack     at emitTwo (events.js:87:13)
14 verbose stack     at ChildProcess.emit (events.js:172:7)
14 verbose stack     at maybeClose (internal/child_process.js:821:16)
14 verbose stack     at Process.ChildProcess._handle.onexit (internal/child_process.js:211:5)
15 verbose pkgid OJS3@3.1.1-2
16 verbose cwd /opt/lampp/htdocs/ojs
17 error Linux 4.4.0-128-generic
18 error argv "/usr/bin/nodejs" "/usr/bin/npm" "run" "build"
19 error node v4.2.6
20 error npm  v3.5.2
21 error code ELIFECYCLE
22 error OJS3@3.1.1-2 build: `cross-env NODE_ENV=production webpack --progress --hide-modules`
22 error Exit status 2
23 error Failed at the OJS3@3.1.1-2 build script 'cross-env NODE_ENV=production webpack --progress --hide-modules'.
23 error Make sure you have the latest version of node.js and npm installed.
23 error If you do, this is most likely a problem with the OJS3 package,
23 error not with npm itself.
23 error Tell the author that this fails on your system:
23 error     cross-env NODE_ENV=production webpack --progress --hide-modules
23 error You can get information on how to open an issue for this project with:
23 error     npm bugs OJS3
23 error Or if that isn't available, you can get their info via:
23 error     npm owner ls OJS3
23 error There is likely additional logging output above.
24 verbose exit [ 1, true ]
